Detecting compiler hash for triplet x64-windows...
A suitable version of powershell-core was not found (required v7.2.24).
Downloading https://github.com/PowerShell/PowerShell/releases/download/v7.2.24/PowerShell-7.2.24-win-x64.zip -> PowerShell-7.2.24-win-x64.zip
Successfully downloaded PowerShell-7.2.24-win-x64.zip
Extracting powershell-core...
A suitable version of 7zip was not found (required v24.9.0).
Downloading https://github.com/ip7z/7zip/releases/download/24.09/7z2409.exe -> 7z2409.7z.exe
Successfully downloaded 7z2409.7z.exe
Extracting 7zip...
A suitable version of 7zr was not found (required v24.9.0).
Downloading https://github.com/ip7z/7zip/releases/download/24.09/7zr.exe -> 44d8504a-7zr.exe
Successfully downloaded 44d8504a-7zr.exe
Compiler found: C:/Program Files (x86)/Microsoft Visual Studio/2022/BuildTools/VC/Tools/MSVC/14.43.34808/bin/Hostx64/x64/cl.exe
The following packages will be built and installed:
  * egl-registry:x64-windows@2024-01-25
    glew:x64-windows@2.2.0#6
    glfw3:x64-windows@3.4#1
    imgui:x64-windows@1.91.9
  * opengl:x64-windows@2022-12-04#3
  * opengl-registry:x64-windows@2024-02-10#1
  * vcpkg-cmake:x64-windows@2024-04-23
  * vcpkg-cmake-config:x64-windows@2024-05-23
Additional packages (*) will be modified to complete this operation.
Restored 2 package(s) from C:\Users\wmair\AppData\Local\vcpkg\archives in 33.1 ms. Use --debug to see more details.
Installing 1/8 vcpkg-cmake-config:x64-windows@2024-05-23...
Elapsed time to handle vcpkg-cmake-config:x64-windows: 6.96 ms
vcpkg-cmake-config:x64-windows package ABI: c775df2ee4244c0c088ff8fc766668668f2b6b062d09e07892fe77989dee6fd9
Installing 2/8 vcpkg-cmake:x64-windows@2024-04-23...
Elapsed time to handle vcpkg-cmake:x64-windows: 7.76 ms
vcpkg-cmake:x64-windows package ABI: a41d29268e48b859e0182b2cdfea16c5683d953a2fe74a3aacba1b3f85176da9
Installing 3/8 egl-registry:x64-windows@2024-01-25...
Building egl-registry:x64-windows@2024-01-25...
Downloading https://github.com/KhronosGroup/EGL-Registry/archive/7db3005d4c2cb439f129a0adc931f3274f9019e6.tar.gz -> KhronosGroup-EGL-Registry-7db3005d4c2cb439f129a0adc931f3274f9019e6.tar.gz
Successfully downloaded KhronosGroup-EGL-Registry-7db3005d4c2cb439f129a0adc931f3274f9019e6.tar.gz
-- Extracting source C:/Users/wmair/vcpkg/downloads/KhronosGroup-EGL-Registry-7db3005d4c2cb439f129a0adc931f3274f9019e6.tar.gz
-- Using source at C:/Users/wmair/vcpkg/buildtrees/egl-registry/src/274f9019e6-49d6bdb34a.clean
-- Installing: C:/Users/wmair/vcpkg/packages/egl-registry_x64-windows/share/egl-registry/copyright
-- Performing post-build validation
Starting submission of egl-registry:x64-windows@2024-01-25 to 1 binary cache(s) in the background
Elapsed time to handle egl-registry:x64-windows: 2.4 s
egl-registry:x64-windows package ABI: cb5a8ca4bf45c283db07b755d5c63f5cad4127b011a1999c6e1686a68f38f36d
Installing 4/8 opengl-registry:x64-windows@2024-02-10#1...
Building opengl-registry:x64-windows@2024-02-10#1...
Downloading https://github.com/KhronosGroup/OpenGL-Registry/archive/3530768138c5ba3dfbb2c43c830493f632f7ea33.tar.gz -> KhronosGroup-OpenGL-Registry-3530768138c5ba3dfbb2c43c830493f632f7ea33.tar.gz
Successfully downloaded KhronosGroup-OpenGL-Registry-3530768138c5ba3dfbb2c43c830493f632f7ea33.tar.gz
-- Extracting source C:/Users/wmair/vcpkg/downloads/KhronosGroup-OpenGL-Registry-3530768138c5ba3dfbb2c43c830493f632f7ea33.tar.gz
-- Using source at C:/Users/wmair/vcpkg/buildtrees/opengl-registry/src/f632f7ea33-4952f9ace9.clean
-- Installing: C:/Users/wmair/vcpkg/packages/opengl-registry_x64-windows/share/opengl-registry/copyright
-- Performing post-build validation
Starting submission of opengl-registry:x64-windows@2024-02-10#1 to 1 binary cache(s) in the background
Elapsed time to handle opengl-registry:x64-windows: 30 s
opengl-registry:x64-windows package ABI: 59f669ea9f3a15af4a800b7a0470b4be3491a7632c562da7e5ee5beb2bac34c4
Completed submission of egl-registry:x64-windows@2024-01-25 to 1 binary cache(s) in 62.5 ms
Installing 5/8 opengl:x64-windows@2022-12-04#3...
Building opengl:x64-windows@2022-12-04#3...
-- Installing: C:/Users/wmair/vcpkg/packages/opengl_x64-windows/include/GL/gl.h
-- Installing: C:/Users/wmair/vcpkg/packages/opengl_x64-windows/include/GL/glu.h
-- Installing: C:/Users/wmair/vcpkg/packages/opengl_x64-windows/lib/OpenGL32.Lib
-- Installing: C:/Users/wmair/vcpkg/packages/opengl_x64-windows/lib/GlU32.Lib
-- Installing: C:/Users/wmair/vcpkg/packages/opengl_x64-windows/debug/lib/OpenGL32.Lib
-- Installing: C:/Users/wmair/vcpkg/packages/opengl_x64-windows/debug/lib/GlU32.Lib
-- Fixing pkgconfig file: C:/Users/wmair/vcpkg/packages/opengl_x64-windows/lib/pkgconfig/glu.pc
-- Fixing pkgconfig file: C:/Users/wmair/vcpkg/packages/opengl_x64-windows/lib/pkgconfig/opengl.pc
Downloading msys2-mingw-w64-x86_64-pkgconf-1~2.3.0-1-any.pkg.tar.zst, trying https://mirror.msys2.org/mingw/mingw64/mingw-w64-x86_64-pkgconf-1~2.3.0-1-any.pkg.tar.zst
Successfully downloaded msys2-mingw-w64-x86_64-pkgconf-1~2.3.0-1-any.pkg.tar.zst
Downloading msys2-msys2-runtime-3.5.4-2-x86_64.pkg.tar.zst, trying https://mirror.msys2.org/msys/x86_64/msys2-runtime-3.5.4-2-x86_64.pkg.tar.zst
Successfully downloaded msys2-msys2-runtime-3.5.4-2-x86_64.pkg.tar.zst
-- Using msys root at C:/Users/wmair/vcpkg/downloads/tools/msys2/21caed2f81ec917b
-- Fixing pkgconfig file: C:/Users/wmair/vcpkg/packages/opengl_x64-windows/debug/lib/pkgconfig/glu.pc
-- Fixing pkgconfig file: C:/Users/wmair/vcpkg/packages/opengl_x64-windows/debug/lib/pkgconfig/opengl.pc
-- Installing: C:/Users/wmair/vcpkg/packages/opengl_x64-windows/share/opengl/usage
-- Performing post-build validation
Starting submission of opengl:x64-windows@2022-12-04#3 to 1 binary cache(s) in the background
Elapsed time to handle opengl:x64-windows: 3.2 s
opengl:x64-windows package ABI: 89e67d37bfeba10dff84d4c48ec7557a7fea2d203b17b5d82c056d4513dcbbab
Completed submission of opengl-registry:x64-windows@2024-02-10#1 to 1 binary cache(s) in 306 ms
Installing 6/8 glew:x64-windows@2.2.0#6...
Building glew:x64-windows@2.2.0#6...
Downloading https://github.com/nigels-com/glew/releases/download/glew-2.2.0/glew-2.2.0.tgz -> glew-2.2.0.tgz
Successfully downloaded glew-2.2.0.tgz
-- Extracting source C:/Users/wmair/vcpkg/downloads/glew-2.2.0.tgz
-- Applying patch fix-LNK2019.patch
-- Applying patch base_address.patch
-- Applying patch cmake_version.patch
-- Using source at C:/Users/wmair/vcpkg/buildtrees/glew/src/glew-325dbb3aae.clean
-- Found external ninja('1.12.1').
-- Configuring x64-windows-dbg
-- Configuring x64-windows-rel
-- Building x64-windows-dbg
-- Building x64-windows-rel
-- Fixing pkgconfig file: C:/Users/wmair/vcpkg/packages/glew_x64-windows/lib/pkgconfig/glew.pc
-- Fixing pkgconfig file: C:/Users/wmair/vcpkg/packages/glew_x64-windows/debug/lib/pkgconfig/glew.pc
-- Installing: C:/Users/wmair/vcpkg/packages/glew_x64-windows/share/glew/vcpkg-cmake-wrapper.cmake
-- Installing: C:/Users/wmair/vcpkg/packages/glew_x64-windows/share/glew/copyright
-- Performing post-build validation
Starting submission of glew:x64-windows@2.2.0#6 to 1 binary cache(s) in the background
Elapsed time to handle glew:x64-windows: 46 s
glew:x64-windows package ABI: daaeaa2e9f53eb95deb3b1ad2fb2f9f6e61fabb57aa539e85bc233e4312bb134
Completed submission of opengl:x64-windows@2022-12-04#3 to 1 binary cache(s) in 41.4 ms
Installing 7/8 glfw3:x64-windows@3.4#1...
Building glfw3:x64-windows@3.4#1...
Downloading https://github.com/glfw/glfw/archive/3.4.tar.gz -> glfw-glfw-3.4.tar.gz
Successfully downloaded glfw-glfw-3.4.tar.gz
-- Extracting source C:/Users/wmair/vcpkg/downloads/glfw-glfw-3.4.tar.gz
-- Using source at C:/Users/wmair/vcpkg/buildtrees/glfw3/src/3.4-2448ff4533.clean
-- Found external ninja('1.12.1').
-- Configuring x64-windows
-- Building x64-windows-dbg
-- Building x64-windows-rel
-- Fixing pkgconfig file: C:/Users/wmair/vcpkg/packages/glfw3_x64-windows/lib/pkgconfig/glfw3.pc
-- Using cached msys2-mingw-w64-x86_64-pkgconf-1~2.3.0-1-any.pkg.tar.zst
-- Using cached msys2-msys2-runtime-3.5.4-2-x86_64.pkg.tar.zst
-- Using msys root at C:/Users/wmair/vcpkg/downloads/tools/msys2/21caed2f81ec917b
-- Fixing pkgconfig file: C:/Users/wmair/vcpkg/packages/glfw3_x64-windows/debug/lib/pkgconfig/glfw3.pc
-- Installing: C:/Users/wmair/vcpkg/packages/glfw3_x64-windows/share/glfw3/copyright
-- Performing post-build validation
Starting submission of glfw3:x64-windows@3.4#1 to 1 binary cache(s) in the background
Elapsed time to handle glfw3:x64-windows: 6.7 s
glfw3:x64-windows package ABI: aa9a6b503196a11873c8c0aab0f28764d5d12b0025d02b531f9f6967dde2d652
Completed submission of glew:x64-windows@2.2.0#6 to 1 binary cache(s) in 265 ms
Installing 8/8 imgui:x64-windows@1.91.9...
Building imgui:x64-windows@1.91.9...
-- Note: imgui only supports static library linkage. Building static library.
Downloading https://github.com/ocornut/imgui/archive/v1.91.9.tar.gz -> ocornut-imgui-v1.91.9.tar.gz
Successfully downloaded ocornut-imgui-v1.91.9.tar.gz
-- Extracting source C:/Users/wmair/vcpkg/downloads/ocornut-imgui-v1.91.9.tar.gz
-- Using source at C:/Users/wmair/vcpkg/buildtrees/imgui/src/v1.91.9-afb09617a6.clean
-- Found external ninja('1.12.1').
-- Configuring x64-windows
-- Building x64-windows-dbg
-- Building x64-windows-rel
-- Installing: C:/Users/wmair/vcpkg/packages/imgui_x64-windows/share/imgui/copyright
-- Performing post-build validation
Starting submission of imgui:x64-windows@1.91.9 to 1 binary cache(s) in the background
Elapsed time to handle imgui:x64-windows: 7.8 s
imgui:x64-windows package ABI: e0b7dacae656cb7bac4d369ce7c0a83098f1a7fad00e599ed8b78d697e874a50
Total install time: 1.6 min
The package glew is compatible with built-in CMake targets:

    find_package(GLEW REQUIRED)
    target_link_libraries(main PRIVATE GLEW::GLEW)

glfw3 provides CMake targets:

  # this is heuristically generated, and may not be correct
  find_package(glfw3 CONFIG REQUIRED)
  target_link_libraries(main PRIVATE glfw)

glfw3 provides pkg-config modules:

  # A multi-platform library for OpenGL, window and input
  glfw3

imgui provides CMake targets:

  # this is heuristically generated, and may not be correct
  find_package(imgui CONFIG REQUIRED)
  target_link_libraries(main PRIVATE imgui::imgui)

Completed submission of glfw3:x64-windows@3.4#1 to 1 binary cache(s) in 71.8 ms
Waiting for 1 remaining binary cache submissions...
Completed submission of imgui:x64-windows@1.91.9 to 1 binary cache(s) in 965 ms (1/1)
